d:\workspace\sharedworld1.3\sharedworld1.1\debug\sharedworld1.1.pch
d:\workspace\sharedworld1.3\sharedworld1.1\debug\vc120.pdb
d:\workspace\sharedworld1.3\sharedworld1.1\debug\vc120.idb
d:\workspace\sharedworld1.3\sharedworld1.1\debug\stdafx.obj
d:\workspace\sharedworld1.3\sharedworld1.1\debug\jutil.obj
d:\workspace\sharedworld1.3\sharedworld1.1\debug\logging.obj
d:\workspace\sharedworld1.3\sharedworld1.1\debug\logindlg.obj
d:\workspace\sharedworld1.3\sharedworld1.1\debug\logstream.obj
d:\workspace\sharedworld1.3\sharedworld1.1\debug\md5.obj
d:\workspace\sharedworld1.3\sharedworld1.1\debug\mybutton.obj
d:\workspace\sharedworld1.3\sharedworld1.1\debug\myedit.obj
d:\workspace\sharedworld1.3\sharedworld1.1\debug\registerdlg.obj
d:\workspace\sharedworld1.3\sharedworld1.1\debug\sharedsession.obj
d:\workspace\sharedworld1.3\sharedworld1.1\debug\sharedworld1.1.obj
d:\workspace\sharedworld1.3\sharedworld1.1\debug\sharedworld1.1dlg.obj
d:\workspace\sharedworld1.3\sharedworld1.1\debug\socket.obj
d:\workspace\sharedworld1.3\sharedworld1.1\debug\stringutil.obj
d:\workspace\sharedworld1.3\sharedworld1.1\debug\systemconfig.obj
d:\workspace\sharedworld1.3\sharedworld1.1\debug\timestamp.obj
d:\workspace\sharedworld1.3\sharedworld1.1\debug\transactionmanager.obj
d:\workspace\sharedworld1.3\sharedworld1.1\debug\uploadfile.obj
d:\workspace\sharedworld1.3\sharedworld1.1\debug\uploadfilethread.obj
d:\workspace\sharedworld1.3\sharedworld1.1\debug\userlogin.obj
d:\workspace\sharedworld1.3\sharedworld1.1\debug\userregister.obj
d:\workspace\sharedworld1.3\sharedworld1.1\debug\chatdlg.obj
d:\workspace\sharedworld1.3\sharedworld1.1\debug\clientchatdlg.obj
d:\workspace\sharedworld1.3\sharedworld1.1\debug\downloadfile.obj
d:\workspace\sharedworld1.3\sharedworld1.1\debug\downloadfilethread.obj
d:\workspace\sharedworld1.3\sharedworld1.1\debug\getresource.obj
d:\workspace\sharedworld1.3\sharedworld1.1\debug\sendchatcontent.obj
d:\workspace\sharedworld1.3\sharedworld1.1\debug\server.obj
d:\workspace\sharedworld1.3\sharedworld1.1\debug\serverthread.obj
d:\workspace\sharedworld1.3\sharedworld1.1\debug\sharedserversession.obj
d:\workspace\sharedworld1.3\sharedworld1.1\debug\sharedthread.obj
d:\workspace\sharedworld1.3\sharedworld1.1\debug\client.obj
d:\workspace\sharedworld1.3\sharedworld1.1\debug\exception.obj
d:\workspace\sharedworld1.3\sharedworld1.1\debug\idea.obj
d:\workspace\sharedworld1.3\sharedworld1.1\debug\jinstream.obj
d:\workspace\sharedworld1.3\sharedworld1.1\debug\joutstream.obj
d:\workspace\sharedworld1.3\sharedworld1.1\debug\jthread.obj
d:\workspace\sharedworld1.3\debug\sharedworld1.1.ilk
d:\workspace\sharedworld1.3\debug\sharedworld1.1.exe
d:\workspace\sharedworld1.3\debug\sharedworld1.1.pdb
d:\workspace\sharedworld1.3\sharedworld1.1\debug\sharedworld1.1.res
d:\workspace\sharedworld1.3\sharedworld1.1\debug\sharedworld1.1.tlog\cl.command.1.tlog
d:\workspace\sharedworld1.3\sharedworld1.1\debug\sharedworld1.1.tlog\cl.read.1.tlog
d:\workspace\sharedworld1.3\sharedworld1.1\debug\sharedworld1.1.tlog\cl.write.1.tlog
d:\workspace\sharedworld1.3\sharedworld1.1\debug\sharedworld1.1.tlog\link.command.1.tlog
d:\workspace\sharedworld1.3\sharedworld1.1\debug\sharedworld1.1.tlog\link.read.1.tlog
d:\workspace\sharedworld1.3\sharedworld1.1\debug\sharedworld1.1.tlog\link.write.1.tlog
d:\workspace\sharedworld1.3\sharedworld1.1\debug\sharedworld1.1.tlog\rc.command.1.tlog
d:\workspace\sharedworld1.3\sharedworld1.1\debug\sharedworld1.1.tlog\rc.read.1.tlog
d:\workspace\sharedworld1.3\sharedworld1.1\debug\sharedworld1.1.tlog\rc.write.1.tlog
