生成启动时间为 2016/3/22 20:56:32。
     1>项目“D:\workspace\SharedWorld1.3\SharedWorld1.1\SharedWorld1.1.vcxproj”在节点 2 上(Build 个目标)。
     1>ClCompile:
         D:\Program Files (x86)\Microsoft Visual Studio 12.0\VC\bin\CL.exe /c /ZI /nologo /W3 /WX- /sdl- /Od /Oy- /D WIN32 /D _WINDOWS /D _DEBUG /D _CRT_SECURE_NO_WARNINGS /D _MBCS /D _AFXDLL /Gm /EHsc /RTC1 /MDd /GS /fp:precise /Zc:wchar_t /Zc:forScope /Yu"stdafx.h" /Fp"Debug\SharedWorld1.1.pch" /Fo"Debug\\" /Fd"Debug\vc120.pdb" /Gd /TP /analyze- /errorReport:prompt SharedWorld1.1Dlg.cpp
         SharedWorld1.1Dlg.cpp
     1>d:\workspace\sharedworld1.3\sharedworld1.1\sharedworld1.1dlg.cpp(216): warning C4018: “<”: 有符号/无符号不匹配
     1>d:\workspace\sharedworld1.3\sharedworld1.1\sharedworld1.1dlg.cpp(264): warning C4244: “初始化”: 从“ULONGLONG”转换到“DWORD”，可能丢失数据
       Link:
         D:\Program Files (x86)\Microsoft Visual Studio 12.0\VC\bin\link.exe /ERRORREPORT:PROMPT /OUT:"D:\workspace\SharedWorld1.3\Debug\SharedWorld1.1.exe" /INCREMENTAL /NOLOGO /MANIFEST /MANIFESTUAC:"level='asInvoker' uiAccess='false'" /manifest:embed /manifestinput:"D:\Program Files (x86)\Microsoft Visual Studio 12.0\VC\Include\Manifest\dpiaware.manifest" /DEBUG /PDB:"D:\workspace\SharedWorld1.3\Debug\SharedWorld1.1.pdb" /SUBSYSTEM:WINDOWS /TLBID:1 /DYNAMICBASE /NXCOMPAT /IMPLIB:"D:\workspace\SharedWorld1.3\Debug\SharedWorld1.1.lib" /MACHINE:X86 Debug\SharedWorld1.1.res
         Debug\ChatDlg.obj
         Debug\ClientChatDlg.obj
         Debug\DownLoadFile.obj
         Debug\DownLoadFileThread.obj
         Debug\GetResource.obj
         Debug\SendChatContent.obj
         Debug\Server.obj
         Debug\ServerThread.obj
         Debug\SharedServerSession.obj
         Debug\SharedThread.obj
         Debug\Client.obj
         Debug\Exception.obj
         Debug\Idea.obj
         Debug\JInStream.obj
         Debug\JOutStream.obj
         Debug\JThread.obj
         Debug\JUtil.obj
         Debug\Logging.obj
         Debug\LoginDlg.obj
         Debug\LogStream.obj
         Debug\MD5.obj
         Debug\MyButton.obj
         Debug\MyEdit.obj
         Debug\RegisterDlg.obj
         Debug\SharedSession.obj
         Debug\SharedWorld1.1.obj
         Debug\SharedWorld1.1Dlg.obj
         Debug\Socket.obj
         Debug\stdafx.obj
         Debug\StringUtil.obj
         Debug\Systemconfig.obj
         Debug\Timestamp.obj
         Debug\TransactionManager.obj
         Debug\UpLoadFile.obj
         Debug\UpLoadFileThread.obj
         Debug\UserLogin.obj
         Debug\UserRegister.obj
         SharedWorld1.1.vcxproj -> D:\workspace\SharedWorld1.3\Debug\SharedWorld1.1.exe
     1>已完成生成项目“D:\workspace\SharedWorld1.3\SharedWorld1.1\SharedWorld1.1.vcxproj”(Build 个目标)的操作。

生成成功。

已用时间 00:00:01.26
