j:\my project\sharedworld1.1\sharedworld1.1\debug\sharedworld1.1.pch
j:\my project\sharedworld1.1\sharedworld1.1\debug\stdafx.obj
j:\my project\sharedworld1.1\sharedworld1.1\debug\vc110.pdb
j:\my project\sharedworld1.1\sharedworld1.1\debug\sharedworld1.1.obj
j:\my project\sharedworld1.1\sharedworld1.1\debug\sharedworld1.1dlg.obj
j:\my project\sharedworld1.1\sharedworld1.1\debug\logindlg.obj
j:\my project\sharedworld1.1\sharedworld1.1\debug\myedit.obj
j:\my project\sharedworld1.1\debug\sharedworld1.1.ilk
j:\my project\sharedworld1.1\debug\sharedworld1.1.exe
j:\my project\sharedworld1.1\debug\sharedworld1.1.pdb
j:\my project\sharedworld1.1\sharedworld1.1\debug\sharedworld1.1.res
h:\my project\sharedworld1.1\sharedworld1.1\debug\logindlg.obj
h:\my project\sharedworld1.1\sharedworld1.1\debug\myedit.obj
h:\my project\sharedworld1.1\sharedworld1.1\debug\sharedworld1.1.obj
h:\my project\sharedworld1.1\sharedworld1.1\debug\sharedworld1.1dlg.obj
h:\my project\sharedworld1.1\sharedworld1.1\debug\stdafx.obj
h:\my project\sharedworld1.1\sharedworld1.1\debug\cl.command.1.tlog
h:\my project\sharedworld1.1\sharedworld1.1\debug\cl.read.1.tlog
h:\my project\sharedworld1.1\sharedworld1.1\debug\cl.write.1.tlog
h:\my project\sharedworld1.1\sharedworld1.1\debug\link-cvtres.read.1.tlog
h:\my project\sharedworld1.1\sharedworld1.1\debug\link-cvtres.write.1.tlog
h:\my project\sharedworld1.1\sharedworld1.1\debug\link-mt.read.1.tlog
h:\my project\sharedworld1.1\sharedworld1.1\debug\link-mt.write.1.tlog
h:\my project\sharedworld1.1\sharedworld1.1\debug\link-rc.read.1.tlog
h:\my project\sharedworld1.1\sharedworld1.1\debug\link-rc.write.1.tlog
h:\my project\sharedworld1.1\sharedworld1.1\debug\link.7480-cvtres.read.1.tlog
h:\my project\sharedworld1.1\sharedworld1.1\debug\link.7480-cvtres.write.1.tlog
h:\my project\sharedworld1.1\sharedworld1.1\debug\link.7480-mt.read.1.tlog
h:\my project\sharedworld1.1\sharedworld1.1\debug\link.7480-mt.write.1.tlog
h:\my project\sharedworld1.1\sharedworld1.1\debug\link.7480-rc.read.1.tlog
h:\my project\sharedworld1.1\sharedworld1.1\debug\link.7480-rc.write.1.tlog
h:\my project\sharedworld1.1\sharedworld1.1\debug\link.7480.read.1.tlog
h:\my project\sharedworld1.1\sharedworld1.1\debug\link.7480.write.1.tlog
h:\my project\sharedworld1.1\sharedworld1.1\debug\link.command.1.tlog
h:\my project\sharedworld1.1\sharedworld1.1\debug\link.read.1.tlog
h:\my project\sharedworld1.1\sharedworld1.1\debug\link.write.1.tlog
h:\my project\sharedworld1.1\sharedworld1.1\debug\rc.command.1.tlog
h:\my project\sharedworld1.1\sharedworld1.1\debug\rc.read.1.tlog
h:\my project\sharedworld1.1\sharedworld1.1\debug\rc.write.1.tlog
h:\my project\sharedworld1.1\sharedworld1.1\debug\sharedworld1.1.res
h:\my project\sharedworld1.1\sharedworld1.1\debug\sharedworld1.1.pch
h:\my project\sharedworld1.1\sharedworld1.1\debug\vc110.idb
h:\my project\sharedworld1.1\sharedworld1.1\debug\vc110.pdb
h:\my project\sharedworld1.1\debug\sharedworld1.1.pdb
h:\my project\sharedworld1.1\debug\sharedworld1.1.exe
h:\my project\sharedworld1.1\debug\sharedworld1.1.ilk
